
The following files have been resolved:
   org.apache.tomcat.embed:tomcat-embed-core:jar:9.0.13:compile
   org.springframework.boot:spring-boot-autoconfigure:jar:2.1.1.RELEASE:compile
   org.apache.tomcat.embed:tomcat-embed-el:jar:9.0.13:compile
   com.fasterxml.jackson.datatype:jackson-datatype-jsr310:jar:2.9.7:compile
   com.fasterxml:classmate:jar:1.4.0:compile
   org.springframework:spring-context:jar:5.1.3.RELEASE:compile
   org.springframework.data:spring-data-commons:jar:2.1.3.RELEASE:compile
   org.springframework.data:spring-data-mongodb:jar:2.1.3.RELEASE:compile
   javax.validation:validation-api:jar:2.0.1.Final:compile
   org.springframework.boot:spring-boot-starter-tomcat:jar:2.1.1.RELEASE:compile
   org.springframework.boot:spring-boot-starter-logging:jar:2.1.1.RELEASE:compile
   ch.qos.logback:logback-core:jar:1.2.3:compile
   org.springframework.boot:spring-boot-starter-json:jar:2.1.1.RELEASE:compile
   org.springframework:spring-jcl:jar:5.1.3.RELEASE:compile
   com.fasterxml.jackson.core:jackson-core:jar:2.9.7:compile
   org.springframework.boot:spring-boot-starter-web:jar:2.1.1.RELEASE:compile
   org.apache.tomcat.embed:tomcat-embed-websocket:jar:9.0.13:compile
   org.springframework:spring-beans:jar:5.1.3.RELEASE:compile
   org.springframework:spring-web:jar:5.1.3.RELEASE:compile
   org.springframework.boot:spring-boot-starter:jar:2.1.1.RELEASE:compile
   com.fasterxml.jackson.datatype:jackson-datatype-jdk8:jar:2.9.7:compile
   ch.qos.logback:logback-classic:jar:1.2.3:compile
   javax.annotation:javax.annotation-api:jar:1.3.2:compile
   org.jboss.logging:jboss-logging:jar:3.3.2.Final:compile
   org.springframework:spring-tx:jar:5.1.3.RELEASE:compile
   org.springframework:spring-webmvc:jar:5.1.3.RELEASE:compile
   com.fasterxml.jackson.core:jackson-annotations:jar:2.9.0:compile
   org.apache.logging.log4j:log4j-to-slf4j:jar:2.11.1:compile
   org.springframework:spring-expression:jar:5.1.3.RELEASE:compile
   com.fasterxml.jackson.module:jackson-module-parameter-names:jar:2.9.7:compile
   org.mongodb:mongodb-driver:jar:3.8.2:compile
   org.slf4j:slf4j-api:jar:1.7.25:compile
   org.springframework:spring-core:jar:5.1.3.RELEASE:compile
   org.hibernate.validator:hibernate-validator:jar:6.0.13.Final:compile
   org.springframework:spring-aop:jar:5.1.3.RELEASE:compile
   org.yaml:snakeyaml:jar:1.23:runtime
   com.fasterxml.jackson.core:jackson-databind:jar:2.9.7:compile
   org.springframework.boot:spring-boot-starter-data-mongodb:jar:2.1.1.RELEASE:compile
   org.mongodb:bson:jar:3.8.2:compile
   org.springframework.boot:spring-boot:jar:2.1.1.RELEASE:compile
   org.mongodb:mongodb-driver-core:jar:3.8.2:compile
   org.slf4j:jul-to-slf4j:jar:1.7.25:compile
   org.apache.logging.log4j:log4j-api:jar:2.11.1:compile

